(venv) inon@inon:~/projects/mefathim/ksp_trading_app$ pytest -v

============================= test session starts ==============================

platform linux -- Python 3.12.3, pytest-9.0.3, pluggy-1.6.0 -- /home/inon/projects/mefathim/ksp_trading_app/venv/bin/python3

cachedir: .pytest_cache

rootdir: /home/inon/projects/mefathim/ksp_trading_app

configfile: pytest.ini

plugins: anyio-4.13.0, asyncio-1.3.0

asyncio: mode=Mode.AUTO, debug=False, asyncio_default_fixture_loop_scope=None, asyncio_default_test_loop_scope=function

collected 4 items                                                              



tests/test_domain_and_services.py::test_product_model_validation PASSED  [ 25%]

tests/test_domain_and_services.py::test_get_cheapest_product PASSED      [ 50%]

tests/test_domain_and_services.py::test_get_cheapest_product_empty_list PASSED [ 75%]

tests/test_e2e_flow.py::test_full_automation_flow PASSED                 [100%]



============================== 4 passed in 0.12s ===============================

